<?xml version="1.0" encoding="UTF-8"?>
<testsuite xmlns:xsi="http://www.w3.org/2001/XMLSchema-instance" xsi:noNamespaceSchemaLocation="https://maven.apache.org/surefire/maven-surefire-plugin/xsd/surefire-test-report.xsd" name="BoardTest" time="0.035" tests="1" errors="0" skipped="0" failures="0">
  <properties>
    <property name="java.specification.version" value="21"/>
    <property name="sun.jnu.encoding" value="UTF-8"/>
    <property name="java.class.path" value="/home/cova/Documentos/pps-Covs77/Practica1.2/ChessSystem-main/target/test-classes:/home/cova/Documentos/pps-Covs77/Practica1.2/ChessSystem-main/target/classes:/home/cova/.m2/repository/com/google/code/gson/gson/2.8.8/gson-2.8.8.jar:/home/cova/.m2/repository/org/junit/jupiter/junit-jupiter/5.10.0/junit-jupiter-5.10.0.jar:/home/cova/.m2/repository/org/junit/jupiter/junit-jupiter-api/5.10.0/junit-jupiter-api-5.10.0.jar:/home/cova/.m2/repository/org/opentest4j/opentest4j/1.3.0/opentest4j-1.3.0.jar:/home/cova/.m2/repository/org/junit/platform/junit-platform-commons/1.10.0/junit-platform-commons-1.10.0.jar:/home/cova/.m2/repository/org/apiguardian/apiguardian-api/1.1.2/apiguardian-api-1.1.2.jar:/home/cova/.m2/repository/org/junit/jupiter/junit-jupiter-params/5.10.0/junit-jupiter-params-5.10.0.jar:/home/cova/.m2/repository/org/junit/jupiter/junit-jupiter-engine/5.10.0/junit-jupiter-engine-5.10.0.jar:/home/cova/.m2/repository/org/junit/platform/junit-platform-engine/1.10.0/junit-platform-engine-1.10.0.jar:/home/cova/.m2/repository/commons-collections/commons-collections/3.2.1/commons-collections-3.2.1.jar:/home/cova/.m2/repository/org/springframework/spring-core/4.1.4.RELEASE/spring-core-4.1.4.RELEASE.jar:/home/cova/.m2/repository/commons-logging/commons-logging/1.2/commons-logging-1.2.jar:/home/cova/.m2/repository/com/fasterxml/jackson/core/jackson-databind/2.9.9/jackson-databind-2.9.9.jar:/home/cova/.m2/repository/com/fasterxml/jackson/core/jackson-annotations/2.9.0/jackson-annotations-2.9.0.jar:/home/cova/.m2/repository/com/fasterxml/jackson/core/jackson-core/2.9.9/jackson-core-2.9.9.jar:/home/cova/.m2/repository/org/apache/struts/struts2-core/2.3.20/struts2-core-2.3.20.jar:/home/cova/.m2/repository/org/apache/struts/xwork/xwork-core/2.3.20/xwork-core-2.3.20.jar:/home/cova/.m2/repository/org/apache/commons/commons-lang3/3.2/commons-lang3-3.2.jar:/home/cova/.m2/repository/org/ow2/asm/asm/5.0.2/asm-5.0.2.jar:/home/cova/.m2/repository/org/ow2/asm/asm-commons/5.0.2/asm-commons-5.0.2.jar:/home/cova/.m2/repository/org/ow2/asm/asm-tree/5.0.2/asm-tree-5.0.2.jar:/home/cova/.m2/repository/org/freemarker/freemarker/2.3.19/freemarker-2.3.19.jar:/home/cova/.m2/repository/ognl/ognl/3.0.6/ognl-3.0.6.jar:/home/cova/.m2/repository/javassist/javassist/3.11.0.GA/javassist-3.11.0.GA.jar:/home/cova/.m2/repository/commons-fileupload/commons-fileupload/1.3.1/commons-fileupload-1.3.1.jar:/home/cova/.m2/repository/commons-io/commons-io/2.2/commons-io-2.2.jar:"/>
    <property name="java.vm.vendor" value="Ubuntu"/>
    <property name="sun.arch.data.model" value="64"/>
    <property name="java.vendor.url" value="https://ubuntu.com/"/>
    <property name="os.name" value="Linux"/>
    <property name="java.vm.specification.version" value="21"/>
    <property name="sun.java.launcher" value="SUN_STANDARD"/>
    <property name="user.country" value="ES"/>
    <property name="sun.boot.library.path" value="/usr/lib/jvm/java-21-openjdk-amd64/lib"/>
    <property name="sun.java.command" value="/home/cova/Documentos/pps-Covs77/Practica1.2/ChessSystem-main/target/surefire/surefirebooter5884395825193154551.jar /home/cova/Documentos/pps-Covs77/Practica1.2/ChessSystem-main/target/surefire 2024-11-10T13-33-34_806-jvmRun1 surefire11419427356057544136tmp surefire_016262292508161266672tmp"/>
    <property name="jdk.debug" value="release"/>
    <property name="surefire.test.class.path" value="/home/cova/Documentos/pps-Covs77/Practica1.2/ChessSystem-main/target/test-classes:/home/cova/Documentos/pps-Covs77/Practica1.2/ChessSystem-main/target/classes:/home/cova/.m2/repository/com/google/code/gson/gson/2.8.8/gson-2.8.8.jar:/home/cova/.m2/repository/org/junit/jupiter/junit-jupiter/5.10.0/junit-jupiter-5.10.0.jar:/home/cova/.m2/repository/org/junit/jupiter/junit-jupiter-api/5.10.0/junit-jupiter-api-5.10.0.jar:/home/cova/.m2/repository/org/opentest4j/opentest4j/1.3.0/opentest4j-1.3.0.jar:/home/cova/.m2/repository/org/junit/platform/junit-platform-commons/1.10.0/junit-platform-commons-1.10.0.jar:/home/cova/.m2/repository/org/apiguardian/apiguardian-api/1.1.2/apiguardian-api-1.1.2.jar:/home/cova/.m2/repository/org/junit/jupiter/junit-jupiter-params/5.10.0/junit-jupiter-params-5.10.0.jar:/home/cova/.m2/repository/org/junit/jupiter/junit-jupiter-engine/5.10.0/junit-jupiter-engine-5.10.0.jar:/home/cova/.m2/repository/org/junit/platform/junit-platform-engine/1.10.0/junit-platform-engine-1.10.0.jar:/home/cova/.m2/repository/commons-collections/commons-collections/3.2.1/commons-collections-3.2.1.jar:/home/cova/.m2/repository/org/springframework/spring-core/4.1.4.RELEASE/spring-core-4.1.4.RELEASE.jar:/home/cova/.m2/repository/commons-logging/commons-logging/1.2/commons-logging-1.2.jar:/home/cova/.m2/repository/com/fasterxml/jackson/core/jackson-databind/2.9.9/jackson-databind-2.9.9.jar:/home/cova/.m2/repository/com/fasterxml/jackson/core/jackson-annotations/2.9.0/jackson-annotations-2.9.0.jar:/home/cova/.m2/repository/com/fasterxml/jackson/core/jackson-core/2.9.9/jackson-core-2.9.9.jar:/home/cova/.m2/repository/org/apache/struts/struts2-core/2.3.20/struts2-core-2.3.20.jar:/home/cova/.m2/repository/org/apache/struts/xwork/xwork-core/2.3.20/xwork-core-2.3.20.jar:/home/cova/.m2/repository/org/apache/commons/commons-lang3/3.2/commons-lang3-3.2.jar:/home/cova/.m2/repository/org/ow2/asm/asm/5.0.2/asm-5.0.2.jar:/home/cova/.m2/repository/org/ow2/asm/asm-commons/5.0.2/asm-commons-5.0.2.jar:/home/cova/.m2/repository/org/ow2/asm/asm-tree/5.0.2/asm-tree-5.0.2.jar:/home/cova/.m2/repository/org/freemarker/freemarker/2.3.19/freemarker-2.3.19.jar:/home/cova/.m2/repository/ognl/ognl/3.0.6/ognl-3.0.6.jar:/home/cova/.m2/repository/javassist/javassist/3.11.0.GA/javassist-3.11.0.GA.jar:/home/cova/.m2/repository/commons-fileupload/commons-fileupload/1.3.1/commons-fileupload-1.3.1.jar:/home/cova/.m2/repository/commons-io/commons-io/2.2/commons-io-2.2.jar:"/>
    <property name="sun.cpu.endian" value="little"/>
    <property name="user.home" value="/home/cova"/>
    <property name="user.language" value="es"/>
    <property name="java.specification.vendor" value="Oracle Corporation"/>
    <property name="java.version.date" value="2024-07-16"/>
    <property name="java.home" value="/usr/lib/jvm/java-21-openjdk-amd64"/>
    <property name="file.separator" value="/"/>
    <property name="basedir" value="/home/cova/Documentos/pps-Covs77/Practica1.2/ChessSystem-main"/>
    <property name="java.vm.compressedOopsMode" value="Zero based"/>
    <property name="line.separator" value="&#10;"/>
    <property name="java.specification.name" value="Java Platform API Specification"/>
    <property name="java.vm.specification.vendor" value="Oracle Corporation"/>
    <property name="surefire.real.class.path" value="/home/cova/Documentos/pps-Covs77/Practica1.2/ChessSystem-main/target/surefire/surefirebooter5884395825193154551.jar"/>
    <property name="sun.management.compiler" value="HotSpot 64-Bit Tiered Compilers"/>
    <property name="java.runtime.version" value="21.0.4+7-Ubuntu-1ubuntu224.04"/>
    <property name="user.name" value="cova"/>
    <property name="stdout.encoding" value="UTF-8"/>
    <property name="path.separator" value=":"/>
    <property name="os.version" value="6.8.0-48-generic"/>
    <property name="java.runtime.name" value="OpenJDK Runtime Environment"/>
    <property name="file.encoding" value="UTF-8"/>
    <property name="java.vm.name" value="OpenJDK 64-Bit Server VM"/>
    <property name="localRepository" value="/home/cova/.m2/repository"/>
    <property name="java.vendor.url.bug" value="https://bugs.launchpad.net/ubuntu/+source/openjdk-21"/>
    <property name="java.io.tmpdir" value="/tmp"/>
    <property name="java.version" value="21.0.4"/>
    <property name="user.dir" value="/home/cova/Documentos/pps-Covs77/Practica1.2/ChessSystem-main"/>
    <property name="os.arch" value="amd64"/>
    <property name="java.vm.specification.name" value="Java Virtual Machine Specification"/>
    <property name="native.encoding" value="UTF-8"/>
    <property name="java.library.path" value="/usr/java/packages/lib:/usr/lib/x86_64-linux-gnu/jni:/lib/x86_64-linux-gnu:/usr/lib/x86_64-linux-gnu:/usr/lib/jni:/lib:/usr/lib"/>
    <property name="java.vm.info" value="mixed mode, sharing"/>
    <property name="stderr.encoding" value="UTF-8"/>
    <property name="java.vendor" value="Ubuntu"/>
    <property name="java.vm.version" value="21.0.4+7-Ubuntu-1ubuntu224.04"/>
    <property name="sun.io.unicode.encoding" value="UnicodeLittle"/>
    <property name="java.class.version" value="65.0"/>
  </properties>
  <testcase name="testBoardCreationWithValidDimensions" classname="BoardTest" time="0.025"/>
</testsuite>